2020-10-31 18:12:33,510 INFO: Microblog startup [in /Users/tohidurrahaman/work/learn/frameworks/flask/microblog/app/__init__.py:44]
2020-10-31 18:12:55,489 INFO: Microblog startup [in /Users/tohidurrahaman/work/learn/frameworks/flask/microblog/app/__init__.py:44]
2020-10-31 18:13:45,488 ERROR: Exception on /edit_profile [GET] [in /Users/tohidurrahaman/.pyenv/versions/3.8.5/envs/l_flask/lib/python3.8/site-packages/flask/app.py:1891]
Traceback (most recent call last):
  File "/Users/tohidurrahaman/.pyenv/versions/3.8.5/envs/l_flask/lib/python3.8/site-packages/flask/app.py", line 2447, in wsgi_app
    response = self.full_dispatch_request()
  File "/Users/tohidurrahaman/.pyenv/versions/3.8.5/envs/l_flask/lib/python3.8/site-packages/flask/app.py", line 1952, in full_dispatch_request
    rv = self.handle_user_exception(e)
  File "/Users/tohidurrahaman/.pyenv/versions/3.8.5/envs/l_flask/lib/python3.8/site-packages/flask/app.py", line 1821, in handle_user_exception
    reraise(exc_type, exc_value, tb)
  File "/Users/tohidurrahaman/.pyenv/versions/3.8.5/envs/l_flask/lib/python3.8/site-packages/flask/_compat.py", line 39, in reraise
    raise value
  File "/Users/tohidurrahaman/.pyenv/versions/3.8.5/envs/l_flask/lib/python3.8/site-packages/flask/app.py", line 1950, in full_dispatch_request
    rv = self.dispatch_request()
  File "/Users/tohidurrahaman/.pyenv/versions/3.8.5/envs/l_flask/lib/python3.8/site-packages/flask/app.py", line 1936, in dispatch_request
    return self.view_functions[rule.endpoint](**req.view_args)
  File "/Users/tohidurrahaman/.pyenv/versions/3.8.5/envs/l_flask/lib/python3.8/site-packages/flask_login/utils.py", line 272, in decorated_view
    return func(*args, **kwargs)
  File "/Users/tohidurrahaman/work/learn/frameworks/flask/microblog/app/routes.py", line 90, in edit_profile
    form = EditProfileForm()
  File "/Users/tohidurrahaman/.pyenv/versions/3.8.5/envs/l_flask/lib/python3.8/site-packages/wtforms/form.py", line 208, in __call__
    return type.__call__(cls, *args, **kwargs)
TypeError: __init__() missing 1 required positional argument: 'origional_username'
2020-10-31 18:13:47,416 ERROR: Exception on /edit_profile [GET] [in /Users/tohidurrahaman/.pyenv/versions/3.8.5/envs/l_flask/lib/python3.8/site-packages/flask/app.py:1891]
Traceback (most recent call last):
  File "/Users/tohidurrahaman/.pyenv/versions/3.8.5/envs/l_flask/lib/python3.8/site-packages/flask/app.py", line 2447, in wsgi_app
    response = self.full_dispatch_request()
  File "/Users/tohidurrahaman/.pyenv/versions/3.8.5/envs/l_flask/lib/python3.8/site-packages/flask/app.py", line 1952, in full_dispatch_request
    rv = self.handle_user_exception(e)
  File "/Users/tohidurrahaman/.pyenv/versions/3.8.5/envs/l_flask/lib/python3.8/site-packages/flask/app.py", line 1821, in handle_user_exception
    reraise(exc_type, exc_value, tb)
  File "/Users/tohidurrahaman/.pyenv/versions/3.8.5/envs/l_flask/lib/python3.8/site-packages/flask/_compat.py", line 39, in reraise
    raise value
  File "/Users/tohidurrahaman/.pyenv/versions/3.8.5/envs/l_flask/lib/python3.8/site-packages/flask/app.py", line 1950, in full_dispatch_request
    rv = self.dispatch_request()
  File "/Users/tohidurrahaman/.pyenv/versions/3.8.5/envs/l_flask/lib/python3.8/site-packages/flask/app.py", line 1936, in dispatch_request
    return self.view_functions[rule.endpoint](**req.view_args)
  File "/Users/tohidurrahaman/.pyenv/versions/3.8.5/envs/l_flask/lib/python3.8/site-packages/flask_login/utils.py", line 272, in decorated_view
    return func(*args, **kwargs)
  File "/Users/tohidurrahaman/work/learn/frameworks/flask/microblog/app/routes.py", line 90, in edit_profile
    form = EditProfileForm()
  File "/Users/tohidurrahaman/.pyenv/versions/3.8.5/envs/l_flask/lib/python3.8/site-packages/wtforms/form.py", line 208, in __call__
    return type.__call__(cls, *args, **kwargs)
TypeError: __init__() missing 1 required positional argument: 'origional_username'
2020-10-31 18:15:17,514 INFO: Microblog startup [in /Users/tohidurrahaman/work/learn/frameworks/flask/microblog/app/__init__.py:44]
2020-11-01 09:24:28,471 INFO: Microblog startup [in /Users/tohidurrahaman/work/learn/frameworks/flask/microblog/app/__init__.py:44]
2020-11-01 09:25:46,092 INFO: Microblog startup [in /Users/tohidurrahaman/work/learn/frameworks/flask/microblog/app/__init__.py:44]
2020-11-01 09:25:52,091 INFO: Microblog startup [in /Users/tohidurrahaman/work/learn/frameworks/flask/microblog/app/__init__.py:44]
2020-11-01 11:09:23,260 INFO: Microblog startup [in /Users/tohidurrahaman/work/learn/frameworks/flask/microblog/app/__init__.py:44]
2020-11-01 11:09:33,835 INFO: Microblog startup [in /Users/tohidurrahaman/work/learn/frameworks/flask/microblog/app/__init__.py:44]
2020-11-01 11:09:46,463 INFO: Microblog startup [in /Users/tohidurrahaman/work/learn/frameworks/flask/microblog/app/__init__.py:44]
2020-11-01 11:10:13,385 INFO: Microblog startup [in /Users/tohidurrahaman/work/learn/frameworks/flask/microblog/app/__init__.py:44]
2020-11-01 11:11:07,088 INFO: Microblog startup [in /Users/tohidurrahaman/work/learn/frameworks/flask/microblog/app/__init__.py:44]
